# JRE version: OpenJDK Runtime Environment (8.0_212-b04) (build 1.8.0_212-release-1586-b04)
# Java VM: OpenJDK 64-Bit Server VM (25.212-b04 mixed mode windows-amd64 compressed oops)
Heap:
 PSYoungGen      total 487936K, used 452904K [0x00000000e0000000, 0x0000000100000000, 0x0000000100000000)
  eden space 451584K, 97% used [0x00000000e0000000,0x00000000fad36cb0,0x00000000fb900000)
  from space 36352K, 36% used [0x00000000fb900000,0x00000000fc613718,0x00000000fdc80000)
  to   space 34816K, 0% used [0x00000000fde00000,0x00000000fde00000,0x0000000100000000)
 ParOldGen       total 168448K, used 101932K [0x00000000a0000000, 0x00000000aa480000, 0x00000000e0000000)
  object space 168448K, 60% used [0x00000000a0000000,0x00000000a638b1c8,0x00000000aa480000)
 Metaspace       used 100660K, capacity 105464K, committed 105716K, reserved 1140736K
  class space    used 12838K, capacity 13793K, committed 13824K, reserved 1048576K
GC Heap History (10 events):
Event: 602.193 GC heap before
{Heap before GC invocations=33 (full 4):
 PSYoungGen      total 467968K, used 17655K [0x00000000e0000000, 0x0000000100000000, 0x0000000100000000)
  eden space 431616K, 0% used [0x00000000e0000000,0x00000000e0000000,0x00000000fa580000)
  from space 36352K, 48% used [0x00000000fa580000,0x00000000fb6bdea8,0x00000000fc900000)
  to   space 35328K, 0% used [0x00000000fdd80000,0x00000000fdd80000,0x0000000100000000)
 ParOldGen       total 118784K, used 96983K [0x00000000a0000000, 0x00000000a7400000, 0x00000000e0000000)
  object space 118784K, 81% used [0x00000000a0000000,0x00000000a5eb5c40,0x00000000a7400000)
 Metaspace       used 94557K, capacity 98924K, committed 98932K, reserved 1134592K
  class space    used 12249K, capacity 13181K, committed 13184K, reserved 1048576K
Event: 602.570 GC heap after
Heap after GC invocations=33 (full 4):
 PSYoungGen      total 467968K, used 0K [0x00000000e0000000, 0x0000000100000000, 0x0000000100000000)
  eden space 431616K, 0% used [0x00000000e0000000,0x00000000e0000000,0x00000000fa580000)
  from space 36352K, 0% used [0x00000000fa580000,0x00000000fa580000,0x00000000fc900000)
  to   space 35328K, 0% used [0x00000000fdd80000,0x00000000fdd80000,0x0000000100000000)
 ParOldGen       total 168448K, used 75694K [0x00000000a0000000, 0x00000000aa480000, 0x00000000e0000000)
  object space 168448K, 44% used [0x00000000a0000000,0x00000000a49ebb30,0x00000000aa480000)
 Metaspace       used 94091K, capacity 97796K, committed 98932K, reserved 1134592K
  class space    used 12084K, capacity 12885K, committed 13184K, reserved 1048576K
}
Event: 606.063 GC heap before
{Heap before GC invocations=34 (full 4):
 PSYoungGen      total 467968K, used 431616K [0x00000000e0000000, 0x0000000100000000, 0x0000000100000000)
  eden space 431616K, 100% used [0x00000000e0000000,0x00000000fa580000,0x00000000fa580000)
  from space 36352K, 0% used [0x00000000fa580000,0x00000000fa580000,0x00000000fc900000)
  to   space 35328K, 0% used [0x00000000fdd80000,0x00000000fdd80000,0x0000000100000000)
 ParOldGen       total 168448K, used 75694K [0x00000000a0000000, 0x00000000aa480000, 0x00000000e0000000)
  object space 168448K, 44% used [0x00000000a0000000,0x00000000a49ebb30,0x00000000aa480000)
 Metaspace       used 99268K, capacity 103858K, committed 104052K, reserved 1140736K
  class space    used 12722K, capacity 13612K, committed 13696K, reserved 1048576K
Event: 606.107 GC heap after
Heap after GC invocations=34 (full 4):
 PSYoungGen      total 485888K, used 18639K [0x00000000e0000000, 0x00000000ffe00000, 0x0000000100000000)
  eden space 452608K, 0% used [0x00000000e0000000,0x00000000e0000000,0x00000000fba00000)
  from space 33280K, 56% used [0x00000000fdd80000,0x00000000fefb3f48,0x00000000ffe00000)
  to   space 34816K, 0% used [0x00000000fba00000,0x00000000fba00000,0x00000000fdc00000)
 ParOldGen       total 168448K, used 75702K [0x00000000a0000000, 0x00000000aa480000, 0x00000000e0000000)
  object space 168448K, 44% used [0x00000000a0000000,0x00000000a49edb30,0x00000000aa480000)
 Metaspace       used 99268K, capacity 103858K, committed 104052K, reserved 1140736K
  class space    used 12722K, capacity 13612K, committed 13696K, reserved 1048576K
}
Event: 608.328 GC heap before
{Heap before GC invocations=35 (full 4):
 PSYoungGen      total 485888K, used 471247K [0x00000000e0000000, 0x00000000ffe00000, 0x0000000100000000)
  eden space 452608K, 100% used [0x00000000e0000000,0x00000000fba00000,0x00000000fba00000)
  from space 33280K, 56% used [0x00000000fdd80000,0x00000000fefb3f48,0x00000000ffe00000)
  to   space 34816K, 0% used [0x00000000fba00000,0x00000000fba00000,0x00000000fdc00000)
 ParOldGen       total 168448K, used 75702K [0x00000000a0000000, 0x00000000aa480000, 0x00000000e0000000)
  object space 168448K, 44% used [0x00000000a0000000,0x00000000a49edb30,0x00000000aa480000)
 Metaspace       used 99649K, capacity 104290K, committed 104564K, reserved 1140736K
  class space    used 12729K, capacity 13614K, committed 13696K, reserved 1048576K
Event: 608.378 GC heap after
Heap after GC invocations=35 (full 4):
 PSYoungGen      total 487424K, used 12442K [0x00000000e0000000, 0x00000000ffe80000, 0x0000000100000000)
  eden space 452608K, 0% used [0x00000000e0000000,0x00000000e0000000,0x00000000fba00000)
  from space 34816K, 35% used [0x00000000fba00000,0x00000000fc626888,0x00000000fdc00000)
  to   space 33280K, 0% used [0x00000000fde00000,0x00000000fde00000,0x00000000ffe80000)
 ParOldGen       total 168448K, used 84228K [0x00000000a0000000, 0x00000000aa480000, 0x00000000e0000000)
  object space 168448K, 50% used [0x00000000a0000000,0x00000000a5241010,0x00000000aa480000)
 Metaspace       used 99649K, capacity 104290K, committed 104564K, reserved 1140736K
  class space    used 12729K, capacity 13614K, committed 13696K, reserved 1048576K
}
Event: 610.350 GC heap before
{Heap before GC invocations=36 (full 4):
 PSYoungGen      total 487424K, used 465050K [0x00000000e0000000, 0x00000000ffe80000, 0x0000000100000000)
  eden space 452608K, 100% used [0x00000000e0000000,0x00000000fba00000,0x00000000fba00000)
  from space 34816K, 35% used [0x00000000fba00000,0x00000000fc626888,0x00000000fdc00000)
  to   space 33280K, 0% used [0x00000000fde00000,0x00000000fde00000,0x00000000ffe80000)
 ParOldGen       total 168448K, used 84228K [0x00000000a0000000, 0x00000000aa480000, 0x00000000e0000000)
  object space 168448K, 50% used [0x00000000a0000000,0x00000000a5241010,0x00000000aa480000)
 Metaspace       used 99825K, capacity 104486K, committed 104820K, reserved 1140736K
  class space    used 12742K, capacity 13648K, committed 13696K, reserved 1048576K
Event: 610.406 GC heap after
Heap after GC invocations=36 (full 4):
 PSYoungGen      total 484864K, used 28262K [0x00000000e0000000, 0x0000000100000000, 0x0000000100000000)
  eden space 451584K, 0% used [0x00000000e0000000,0x00000000e0000000,0x00000000fb900000)
  from space 33280K, 84% used [0x00000000fde00000,0x00000000ff999850,0x00000000ffe80000)
  to   space 36352K, 0% used [0x00000000fb900000,0x00000000fb900000,0x00000000fdc80000)
 ParOldGen       total 168448K, used 86749K [0x00000000a0000000, 0x00000000aa480000, 0x00000000e0000000)
  object space 168448K, 51% used [0x00000000a0000000,0x00000000a54b74a0,0x00000000aa480000)
 Metaspace       used 99825K, capacity 104486K, committed 104820K, reserved 1140736K
  class space    used 12742K, capacity 13648K, committed 13696K, reserved 1048576K
}
Event: 612.585 GC heap before
{Heap before GC invocations=37 (full 4):
 PSYoungGen      total 484864K, used 479846K [0x00000000e0000000, 0x0000000100000000, 0x0000000100000000)
  eden space 451584K, 100% used [0x00000000e0000000,0x00000000fb900000,0x00000000fb900000)
  from space 33280K, 84% used [0x00000000fde00000,0x00000000ff999850,0x00000000ffe80000)
  to   space 36352K, 0% used [0x00000000fb900000,0x00000000fb900000,0x00000000fdc80000)
 ParOldGen       total 168448K, used 86749K [0x00000000a0000000, 0x00000000aa480000, 0x00000000e0000000)
  object space 168448K, 51% used [0x00000000a0000000,0x00000000a54b74a0,0x00000000aa480000)
 Metaspace       used 100270K, capacity 105054K, committed 105204K, reserved 1140736K
  class space    used 12799K, capacity 13748K, committed 13824K, reserved 1048576K
Event: 612.623 GC heap after
Heap after GC invocations=37 (full 4):
 PSYoungGen      total 487936K, used 13389K [0x00000000e0000000, 0x0000000100000000, 0x0000000100000000)
  eden space 451584K, 0% used [0x00000000e0000000,0x00000000e0000000,0x00000000fb900000)
  from space 36352K, 36% used [0x00000000fb900000,0x00000000fc613718,0x00000000fdc80000)
  to   space 34816K, 0% used [0x00000000fde00000,0x00000000fde00000,0x0000000100000000)
 ParOldGen       total 168448K, used 101932K [0x00000000a0000000, 0x00000000aa480000, 0x00000000e0000000)
  object space 168448K, 60% used [0x00000000a0000000,0x00000000a638b1c8,0x00000000aa480000)
 Metaspace       used 100270K, capacity 105054K, committed 105204K, reserved 1140736K
  class space    used 12799K, capacity 13748K, committed 13824K, reserved 1048576K
}

